<?xml version="1.0" encoding="UTF-8"?>
<testsuite xmlns:xsi="http://www.w3.org/2001/XMLSchema-instance" xsi:noNamespaceSchemaLocation="https://maven.apache.org/surefire/maven-surefire-plugin/xsd/surefire-test-report-3.0.xsd" version="3.0" name="com.example.Payee.PayeeApplicationTests" time="21.59" tests="1" errors="0" skipped="0" failures="0">
  <properties>
[...]
</properties>
  <testcase name="contextLoads" classname="com.example.Payee.PayeeApplicationTests" time="1.966">
    <system-out><![CDATA[13:06:42.809 [main] INFO org.springframework.test.context.support.AnnotationConfigContextLoaderUtils -- Could not detect default configuration classes for test class [com.example.Payee.PayeeApplicationTests]: PayeeApplicationTests does not declare any static, non-private, non-final, nested classes annotated with @Configuration.
13:06:43.239 [main] INFO org.springframework.boot.test.context.SpringBootTestContextBootstrapper -- Found @SpringBootConfiguration com.example.Payee.PayeeApplication for test class com.example.Payee.PayeeApplicationTests
  .   ____          _            __ _ _
 /\\ / ___'_ __ _ _(_)_ __  __ _ \ \ \ \
( ( )\___ | '_ | '_| | '_ \/ _` | \ \ \ \
 \\/  ___)| |_)| | | | | || (_| |  ) ) ) )
  '  |____| .__|_| |_|_| |_\__, | / / / /
 =========|_|==============|___/=/_/_/_/

 :: Spring Boot ::                (v3.3.0)

2024-06-17T13:06:45.116+05:30  INFO 2448 --- [Payee] [           main] c.example.Payee.PayeeApplicationTests    : Starting PayeeApplicationTests using Java 22.0.1 with PID 2448 (started by Shivam in C:\Users\Shivam\Downloads\Payee-main\Payee-main\Payee)
2024-06-17T13:06:45.121+05:30  INFO 2448 --- [Payee] [           main] c.example.Payee.PayeeApplicationTests    : No active profile set, falling back to 1 default profile: "default"
2024-06-17T13:06:48.715+05:30  INFO 2448 --- [Payee] [           main] .s.d.r.c.RepositoryConfigurationDelegate : Bootstrapping Spring Data JPA repositories in DEFAULT mode.
2024-06-17T13:06:49.111+05:30  INFO 2448 --- [Payee] [           main] .s.d.r.c.RepositoryConfigurationDelegate : Finished Spring Data repository scanning in 364 ms. Found 4 JPA repository interfaces.
2024-06-17T13:06:51.029+05:30  INFO 2448 --- [Payee] [           main] o.hibernate.jpa.internal.util.LogHelper  : HHH000204: Processing PersistenceUnitInfo [name: default]
2024-06-17T13:06:51.348+05:30  INFO 2448 --- [Payee] [           main] org.hibernate.Version                    : HHH000412: Hibernate ORM core version 6.5.2.Final
2024-06-17T13:06:51.762+05:30  INFO 2448 --- [Payee] [           main] o.h.c.internal.RegionFactoryInitiator    : HHH000026: Second-level cache disabled
2024-06-17T13:06:53.305+05:30  INFO 2448 --- [Payee] [           main] o.s.o.j.p.SpringPersistenceUnitInfo      : No LoadTimeWeaver setup: ignoring JPA class transformer
2024-06-17T13:06:53.397+05:30  INFO 2448 --- [Payee] [           main] com.zaxxer.hikari.HikariDataSource       : HikariPool-1 - Starting...
2024-06-17T13:06:54.476+05:30  INFO 2448 --- [Payee] [           main] com.zaxxer.hikari.pool.HikariPool        : HikariPool-1 - Added connection com.mysql.cj.jdbc.ConnectionImpl@8af1c49
2024-06-17T13:06:54.482+05:30  INFO 2448 --- [Payee] [           main] com.zaxxer.hikari.HikariDataSource       : HikariPool-1 - Start completed.
2024-06-17T13:06:58.029+05:30  INFO 2448 --- [Payee] [           main] o.h.e.t.j.p.i.JtaPlatformInitiator       : HHH000489: No JTA platform available (set 'hibernate.transaction.jta.platform' to enable JTA platform integration)
2024-06-17T13:06:58.199+05:30  INFO 2448 --- [Payee] [           main] j.LocalContainerEntityManagerFactoryBean : Initialized JPA EntityManagerFactory for persistence unit 'default'
2024-06-17T13:06:59.973+05:30  WARN 2448 --- [Payee] [           main] JpaBaseConfiguration$JpaWebConfiguration : spring.jpa.open-in-view is enabled by default. Therefore, database queries may be performed during view rendering. Explicitly configure spring.jpa.open-in-view to disable this warning
2024-06-17T13:07:01.552+05:30  INFO 2448 --- [Payee] [           main] c.example.Payee.PayeeApplicationTests    : Started PayeeApplicationTests in 17.687 seconds (process running for 24.07)
]]></system-out>
    <system-err><![CDATA[WARNING: A Java agent has been loaded dynamically (C:\Users\Shivam\.m2\repository\net\bytebuddy\byte-buddy-agent\1.14.16\byte-buddy-agent-1.14.16.jar)
WARNING: If a serviceability tool is in use, please run with -XX:+EnableDynamicAgentLoading to hide this warning
WARNING: If a serviceability tool is not in use, please run with -Djdk.instrument.traceUsage for more information
WARNING: Dynamic loading of agents will be disallowed by default in a future release
]]></system-err>
  </testcase>
</testsuite>